Ansys Lumerical 2020 R2 FDTD Solver Version 8.24.2387 (Windows 64bit)
 expires (month/day/year): 12/31/2035
using config file: Ansys Licensing set with ANSYSLMD_LICENSE_FILE
license host: 
current time: Sat Oct 14 19:35:16 2023
Running on host: DESKTOP-53M26J4
host available memory (GB): 7.133020
All processes are communicating and ready to proceed to simulation...
Running fsp file: W:\Software\Lumerical\v202\bin\fdtd-engine-msmpi.exe -t 1 -remote -hide C:/Users/yiga/Desktop/Inverse design/official example/2d grating coupler/pid_grating_coupler_2D_TE_base_sweepsourceposition/sweepsourceposition_11.fsp
number of processors is 12
processors are distributed as: 12x1x1
Running 2D Simulation
Starting meshing
Simulation size in gridpoints: 127 x 90 x 1
Completed meshing!
Meshing complete in 0.03125 seconds of CPU time
0 0
Starting meshing
Simulation size in gridpoints: 127 x 90 x 1
Completed meshing!
Meshing complete in 0.015625 seconds of CPU time
0 0
finished material properties
Selected kernel with optimization level: 2 and split-field propagation direction: 0
Starting meshing
Simulation size in gridpoints: 127 x 90 x 1
Completed meshing!
Meshing complete in 0.015625 seconds of CPU time
0 0
Selected kernel with optimization level: 2 and split-field propagation direction: 0
-----------------------------------------
Beginning initialization of 2D FDTD Simulation
  Including TM Simulation
Starting to add sources to simulation

Adding Gaussian source propagating in Y
Starting to add boundary conditions to simulation
Adding PML BC
Adding parallel BC
Adding PML BC
Adding PML BC
Starting to add monitors to Simulation
Adding analysis monitor
Adding frequency monitor
Adding frequency monitor
Finished initialization of 2D Simulation
-----------------------------------------
All processes are communicating and ready to proceed to simulation...
Starting 107063 total iterations
0.0448333% complete. Max time remaining: 16 secs. Auto Shutoff: 1
1.89794% complete. Max time remaining: 15 secs. Auto Shutoff: 1
3.81083% complete. Max time remaining: 15 secs. Auto Shutoff: 1
7.63661% complete. Max time remaining: 14 secs. Auto Shutoff: 0.00704067
15.2882% complete. Max time remaining: 13 secs. Auto Shutoff: 3.08272e-07
16.3408% complete. Max time remaining: 12 secs. Auto Shutoff: 9.98442e-08
100% complete. Max time remaining: 0 mins, 0 secs. Auto Shutoff: 9.98442e-08
Early termination of simulation, the autoshutoff criteria are satisfied.
Completed 17495 iterations, or 8.170402e-13s of Simulation Time
Process 0 starting to collect data
    collecting TM monitor data
    collecting TE monitor data
    collecting TM source data
    collecting TE source data
Finished collecting data
Simulation completed successfully at: Sat Oct 14 19:35:19 2023
Overall wall time measurements in seconds: 4.09157
    time to mesh and initialize: 0.293017
    time to run FDTD simulation: 2.4425
    time to checkpoint simulation: 3e-07
    time to finalize data and save to files: 0.0342411
    miscellaneous time: 1.32181
    FDTD solver speed on process 0: 81.8703 Mnodes/s
    total FDTD solver speed on 12 processes: 982.443 Mnodes/s
