Ansys Lumerical 2020 R2 FDTD Solver Version 8.24.2387 (Windows 64bit)
 expires (month/day/year): 12/31/2035
using config file: Ansys Licensing set with ANSYSLMD_LICENSE_FILE
license host: 
current time: Sat Oct 14 19:34:45 2023
Running on host: DESKTOP-53M26J4
host available memory (GB): 7.218860
All processes are communicating and ready to proceed to simulation...
Running fsp file: W:\Software\Lumerical\v202\bin\fdtd-engine-msmpi.exe -t 1 -remote -hide C:/Users/yiga/Desktop/Inverse design/official example/2d grating coupler/pid_grating_coupler_2D_TE_base_sweepsourceposition/sweepsourceposition_7.fsp
number of processors is 12
processors are distributed as: 12x1x1
Running 2D Simulation
Starting meshing
Simulation size in gridpoints: 127 x 90 x 1
Completed meshing!
Meshing complete in 0.015625 seconds of CPU time
0 0
Starting meshing
Simulation size in gridpoints: 127 x 90 x 1
Completed meshing!
Meshing complete in 0.015625 seconds of CPU time
0 0
finished material properties
Selected kernel with optimization level: 2 and split-field propagation direction: 0
Starting meshing
Simulation size in gridpoints: 127 x 90 x 1
Completed meshing!
Meshing complete in 0.015625 seconds of CPU time
0 0
Selected kernel with optimization level: 2 and split-field propagation direction: 0
-----------------------------------------
Beginning initialization of 2D FDTD Simulation
  Including TM Simulation
Starting to add sources to simulation

Adding Gaussian source propagating in Y
Starting to add boundary conditions to simulation
Adding PML BC
Adding parallel BC
Adding PML BC
Adding PML BC
Starting to add monitors to Simulation
Adding analysis monitor
Adding frequency monitor
Adding frequency monitor
Finished initialization of 2D Simulation
-----------------------------------------
All processes are communicating and ready to proceed to simulation...
Starting 107063 total iterations
0.0448333% complete. Max time remaining: 17 secs. Auto Shutoff: 1
1.89794% complete. Max time remaining: 17 secs. Auto Shutoff: 1
3.81083% complete. Max time remaining: 18 secs. Auto Shutoff: 1
7.63661% complete. Max time remaining: 37 secs. Auto Shutoff: 0.00481878
9.54949% complete. Max time remaining: 34 secs. Auto Shutoff: 0.000157799
13.3753% complete. Max time remaining: 39 secs. Auto Shutoff: 1.32362e-06
15.2882% complete. Max time remaining: 38 secs. Auto Shutoff: 2.85539e-07
16.4351% complete. Max time remaining: 37 secs. Auto Shutoff: 8.33428e-08
100% complete. Max time remaining: 0 mins, 0 secs. Auto Shutoff: 8.33428e-08
Early termination of simulation, the autoshutoff criteria are satisfied.
Completed 17596 iterations, or 8.217571e-13s of Simulation Time
Process 0 starting to collect data
    collecting TM monitor data
    collecting TE monitor data
    collecting TM source data
    collecting TE source data
Finished collecting data
Simulation completed successfully at: Sat Oct 14 19:34:52 2023
Overall wall time measurements in seconds: 8.89785
    time to mesh and initialize: 0.303086
    time to run FDTD simulation: 7.24768
    time to checkpoint simulation: 4e-07
    time to finalize data and save to files: 0.0367781
    miscellaneous time: 1.31026
    FDTD solver speed on process 0: 27.7499 Mnodes/s
    total FDTD solver speed on 12 processes: 332.998 Mnodes/s
